[0m2021.04.26 20:19:20 INFO  Started: Metals version 0.10.2 in workspace '/home/cheruiyot/Revature/Scala_Training/Projects/Project0/dbmcqs' for client vscode 1.55.2.[0m
[0m2021.04.26 20:19:22 INFO  time: initialize in 2.66s[0m
[0m2021.04.26 20:19:24 WARN  Build server is not auto-connectable.[0m
[0m2021.04.26 20:19:27 INFO  running '/usr/lib/jvm/java-11-openjdk-amd64/bin/java -Djline.terminal=jline.UnsupportedTerminal -Dsbt.log.noformat=true -Dfile.encoding=UTF-8 -jar /tmp/metals9178875137674162738/sbt-launch.jar -Dbloop.export-jar-classifiers=sources bloopInstall'[0m
[0m2021.04.26 20:19:28 WARN  no build target for: /home/cheruiyot/Revature/Scala_Training/Projects/Project0/dbmcqs/project/metals.sbt[0m
[0m2021.04.26 20:19:28 WARN  no build target for: /home/cheruiyot/Revature/Scala_Training/Projects/Project0/dbmcqs/project/project/metals.sbt[0m
[0m2021.04.26 20:19:27 INFO  skipping build import with status 'Started'[0m
[0m2021.04.26 20:19:28 ERROR [info] [launcher] getting org.scala-sbt sbt 1.5.0  (this may take some time)...[0m
[0m2021.04.26 20:19:31 INFO  no build target: using presentation compiler with only scala-library: 2.12.13[0m
[0m2021.04.26 20:19:48 ERROR downloading https://repo1.maven.org/maven2/org/scala-sbt/actions_2.12/1.5.0/actions_2.12-1.5.0.jar ...[0m
[0m2021.04.26 20:19:48 ERROR downloading https://repo1.maven.org/maven2/org/scala-lang/scala-library/2.12.13/scala-library-2.12.13.jar ...[0m
[0m2021.04.26 20:19:48 ERROR downloading https://repo1.maven.org/maven2/org/scala-sbt/main-settings_2.12/1.5.0/main-settings_2.12-1.5.0.jar ...[0m
[0m2021.04.26 20:19:48 ERROR downloading https://repo1.maven.org/maven2/org/scala-sbt/run_2.12/1.5.0/run_2.12-1.5.0.jar ...[0m
[0m2021.04.26 20:19:48 ERROR downloading https://repo1.maven.org/maven2/org/scala-sbt/logic_2.12/1.5.0/logic_2.12-1.5.0.jar ...[0m
[0m2021.04.26 20:19:48 ERROR downloading https://repo1.maven.org/maven2/org/scala-sbt/io_2.12/1.5.0/io_2.12-1.5.0.jar ...[0m
[0m2021.04.26 20:19:48 ERROR downloading https://repo1.maven.org/maven2/org/scala-sbt/main_2.12/1.5.0/main_2.12-1.5.0.jar ...[0m
[0m2021.04.26 20:19:48 ERROR downloading https://repo1.maven.org/maven2/org/scala-sbt/sbt/1.5.0/sbt-1.5.0.jar ...[0m
[0m2021.04.26 20:19:48 ERROR :: loading settings :: url = jar:file:/tmp/metals9178875137674162738/sbt-launch.jar!/org/apache/ivy/core/settings/ivysettings.xml[0m
[0m2021.04.26 20:19:48 ERROR :: loading settings :: url = jar:file:/tmp/metals9178875137674162738/sbt-launch.jar!/org/apache/ivy/core/settings/ivysettings.xml[0m
[0m2021.04.26 20:19:48 ERROR :: loading settings :: url = jar:file:/tmp/metals9178875137674162738/sbt-launch.jar!/org/apache/ivy/core/settings/ivysettings.xml[0m
[0m2021.04.26 20:19:48 ERROR :: loading settings :: url = jar:file:/tmp/metals9178875137674162738/sbt-launch.jar!/org/apache/ivy/core/settings/ivysettings.xml[0m
[0m2021.04.26 20:19:48 ERROR :: loading settings :: url = jar:file:/tmp/metals9178875137674162738/sbt-launch.jar!/org/apache/ivy/core/settings/ivysettings.xml[0m
[0m2021.04.26 20:19:48 ERROR :: loading settings :: url = jar:file:/tmp/metals9178875137674162738/sbt-launch.jar!/org/apache/ivy/core/settings/ivysettings.xml[0m
[0m2021.04.26 20:19:48 ERROR :: loading settings :: url = jar:file:/tmp/metals9178875137674162738/sbt-launch.jar!/org/apache/ivy/core/settings/ivysettings.xml[0m
[0m2021.04.26 20:19:48 ERROR :: loading settings :: url = jar:file:/tmp/metals9178875137674162738/sbt-launch.jar!/org/apache/ivy/core/settings/ivysettings.xml[0m
[0m2021.04.26 20:19:49 ERROR 	[SUCCESSFUL ] org.scala-sbt#logic_2.12;1.5.0!logic_2.12.jar (1253ms)[0m
[0m2021.04.26 20:19:49 ERROR 	[SUCCESSFUL ] org.scala-sbt#sbt;1.5.0!sbt.jar (1253ms)[0m
[0m2021.04.26 20:19:49 ERROR downloading https://repo1.maven.org/maven2/org/scala-sbt/command_2.12/1.5.0/command_2.12-1.5.0.jar ...[0m
[0m2021.04.26 20:19:49 ERROR downloading https://repo1.maven.org/maven2/org/scala-sbt/collections_2.12/1.5.0/collections_2.12-1.5.0.jar ...[0m
[0m2021.04.26 20:19:49 ERROR 	[SUCCESSFUL ] org.scala-sbt#run_2.12;1.5.0!run_2.12.jar (1625ms)[0m
[0m2021.04.26 20:19:49 ERROR downloading https://repo1.maven.org/maven2/org/scala-sbt/scripted-plugin_2.12/1.5.0/scripted-plugin_2.12-1.5.0.jar ...[0m
[0m2021.04.26 20:19:49 ERROR 	[SUCCESSFUL ] org.scala-sbt#scripted-plugin_2.12;1.5.0!scripted-plugin_2.12.jar (315ms)[0m
[0m2021.04.26 20:19:49 ERROR downloading https://repo1.maven.org/maven2/org/scala-sbt/zinc-lm-integration_2.12/1.5.0/zinc-lm-integration_2.12-1.5.0.jar ...[0m
[0m2021.04.26 20:19:50 ERROR 	[SUCCESSFUL ] org.scala-sbt#actions_2.12;1.5.0!actions_2.12.jar (2486ms)[0m
[0m2021.04.26 20:19:50 ERROR 	[SUCCESSFUL ] org.scala-sbt#zinc-lm-integration_2.12;1.5.0!zinc-lm-integration_2.12.jar (539ms)[0m
[0m2021.04.26 20:19:50 ERROR downloading https://repo1.maven.org/maven2/org/scala-sbt/util-logging_2.12/1.5.0/util-logging_2.12-1.5.0.jar ...[0m
[0m2021.04.26 20:19:50 ERROR downloading https://repo1.maven.org/maven2/org/scala-sbt/launcher-interface/1.3.0/launcher-interface-1.3.0.jar ...[0m
[0m2021.04.26 20:19:50 ERROR 	[SUCCESSFUL ] org.scala-sbt#launcher-interface;1.3.0!launcher-interface.jar (255ms)[0m
[0m2021.04.26 20:19:50 ERROR downloading https://repo1.maven.org/maven2/io/get-coursier/lm-coursier-shaded_2.12/2.0.8/lm-coursier-shaded_2.12-2.0.8.jar ...[0m
[0m2021.04.26 20:19:52 ERROR 	[SUCCESSFUL ] org.scala-sbt#collections_2.12;1.5.0!collections_2.12.jar (2504ms)[0m
[0m2021.04.26 20:19:52 ERROR downloading https://repo1.maven.org/maven2/org/scala-sbt/librarymanagement-core_2.12/1.5.0/librarymanagement-core_2.12-1.5.0.jar ...[0m
[0m2021.04.26 20:19:52 ERROR 	[SUCCESSFUL ] org.scala-sbt#command_2.12;1.5.0!command_2.12.jar (3220ms)[0m
[0m2021.04.26 20:19:52 ERROR downloading https://repo1.maven.org/maven2/org/scala-sbt/librarymanagement-ivy_2.12/1.5.0/librarymanagement-ivy_2.12-1.5.0.jar ...[0m
[0m2021.04.26 20:19:52 ERROR 	[SUCCESSFUL ] org.scala-sbt#io_2.12;1.5.0!io_2.12.jar (4605ms)[0m
[0m2021.04.26 20:19:52 ERROR downloading https://repo1.maven.org/maven2/org/scala-sbt/compiler-interface/1.5.0/compiler-interface-1.5.0.jar ...[0m
[0m2021.04.26 20:19:53 ERROR 	[SUCCESSFUL ] org.scala-sbt#main-settings_2.12;1.5.0!main-settings_2.12.jar (4986ms)[0m
[0m2021.04.26 20:19:53 ERROR downloading https://repo1.maven.org/maven2/org/scala-sbt/zinc-compile_2.12/1.5.0/zinc-compile_2.12-1.5.0.jar ...[0m
[0m2021.04.26 20:19:53 ERROR 	[SUCCESSFUL ] org.scala-sbt#zinc-compile_2.12;1.5.0!zinc-compile_2.12.jar (340ms)[0m
[0m2021.04.26 20:19:53 ERROR downloading https://repo1.maven.org/maven2/org/scala-sbt/util-relation_2.12/1.5.0/util-relation_2.12-1.5.0.jar ...[0m
[0m2021.04.26 20:19:53 ERROR 	[SUCCESSFUL ] org.scala-sbt#compiler-interface;1.5.0!compiler-interface.jar (771ms)[0m
[0m2021.04.26 20:19:53 ERROR downloading https://repo1.maven.org/maven2/org/scala-sbt/util-position_2.12/1.5.0/util-position_2.12-1.5.0.jar ...[0m
[0m2021.04.26 20:19:53 ERROR 	[SUCCESSFUL ] org.scala-sbt#util-logging_2.12;1.5.0!util-logging_2.12.jar (3049ms)[0m
[0m2021.04.26 20:19:53 ERROR 	[SUCCESSFUL ] org.scala-sbt#util-relation_2.12;1.5.0!util-relation_2.12.jar (213ms)[0m
[0m2021.04.26 20:19:53 ERROR downloading https://repo1.maven.org/maven2/org/scala-lang/scala-reflect/2.12.13/scala-reflect-2.12.13.jar ...[0m
[0m2021.04.26 20:19:53 ERROR downloading https://repo1.maven.org/maven2/org/scala-sbt/completion_2.12/1.5.0/completion_2.12-1.5.0.jar ...[0m
[0m2021.04.26 20:19:53 ERROR 	[SUCCESSFUL ] org.scala-sbt#util-position_2.12;1.5.0!util-position_2.12.jar (242ms)[0m
[0m2021.04.26 20:19:53 ERROR downloading https://repo1.maven.org/maven2/org/scala-sbt/task-system_2.12/1.5.0/task-system_2.12-1.5.0.jar ...[0m
[0m2021.04.26 20:19:55 ERROR 	[SUCCESSFUL ] org.scala-sbt#task-system_2.12;1.5.0!task-system_2.12.jar (1360ms)[0m
[0m2021.04.26 20:19:55 ERROR downloading https://repo1.maven.org/maven2/org/scala-sbt/tasks_2.12/1.5.0/tasks_2.12-1.5.0.jar ...[0m
[0m2021.04.26 20:19:55 ERROR 	[SUCCESSFUL ] org.scala-sbt#tasks_2.12;1.5.0!tasks_2.12.jar (857ms)[0m
[0m2021.04.26 20:19:55 ERROR downloading https://repo1.maven.org/maven2/org/scala-sbt/testing_2.12/1.5.0/testing_2.12-1.5.0.jar ...[0m
[0m2021.04.26 20:19:56 ERROR 	[SUCCESSFUL ] org.scala-sbt#completion_2.12;1.5.0!completion_2.12.jar (2687ms)[0m
[0m2021.04.26 20:19:56 ERROR downloading https://repo1.maven.org/maven2/org/scala-sbt/util-tracking_2.12/1.5.0/util-tracking_2.12-1.5.0.jar ...[0m
[0m2021.04.26 20:19:56 ERROR 	[SUCCESSFUL ] org.scala-sbt#librarymanagement-core_2.12;1.5.0!librarymanagement-core_2.12.jar (4665ms)[0m
[0m2021.04.26 20:19:56 ERROR downloading https://repo1.maven.org/maven2/org/scala-sbt/zinc-classpath_2.12/1.5.0/zinc-classpath_2.12-1.5.0.jar ...[0m
[0m2021.04.26 20:19:56 ERROR 	[SUCCESSFUL ] org.scala-sbt#librarymanagement-ivy_2.12;1.5.0!librarymanagement-ivy_2.12.jar (4056ms)[0m
[0m2021.04.26 20:19:56 ERROR downloading https://repo1.maven.org/maven2/org/scala-sbt/zinc-apiinfo_2.12/1.5.0/zinc-apiinfo_2.12-1.5.0.jar ...[0m
[0m2021.04.26 20:19:56 ERROR 	[SUCCESSFUL ] org.scala-sbt#util-tracking_2.12;1.5.0!util-tracking_2.12.jar (373ms)[0m
[0m2021.04.26 20:19:56 ERROR downloading https://repo1.maven.org/maven2/org/scala-sbt/zinc_2.12/1.5.0/zinc_2.12-1.5.0.jar ...[0m
[0m2021.04.26 20:19:56 ERROR 	[SUCCESSFUL ] org.scala-sbt#zinc-classpath_2.12;1.5.0!zinc-classpath_2.12.jar (695ms)[0m
[0m2021.04.26 20:19:56 ERROR 	[SUCCESSFUL ] org.scala-sbt#testing_2.12;1.5.0!testing_2.12.jar (1290ms)[0m
[0m2021.04.26 20:19:56 ERROR downloading https://repo1.maven.org/maven2/org/scala-sbt/util-control_2.12/1.5.0/util-control_2.12-1.5.0.jar ...[0m
[0m2021.04.26 20:19:56 ERROR downloading https://repo1.maven.org/maven2/org/scala-sbt/util-interface/1.5.0/util-interface-1.5.0.jar ...[0m
[0m2021.04.26 20:19:57 ERROR 	[SUCCESSFUL ] org.scala-sbt#util-interface;1.5.0!util-interface.jar (156ms)[0m
[0m2021.04.26 20:19:57 ERROR 	[SUCCESSFUL ] org.scala-sbt#zinc_2.12;1.5.0!zinc_2.12.jar (682ms)[0m
[0m2021.04.26 20:19:57 ERROR downloading https://repo1.maven.org/maven2/org/scala-sbt/core-macros_2.12/1.5.0/core-macros_2.12-1.5.0.jar ...[0m
[0m2021.04.26 20:19:57 ERROR downloading https://repo1.maven.org/maven2/org/scala-lang/scala-compiler/2.12.13/scala-compiler-2.12.13.jar ...[0m
[0m2021.04.26 20:19:57 ERROR 	[SUCCESSFUL ] org.scala-sbt#util-control_2.12;1.5.0!util-control_2.12.jar (251ms)[0m
[0m2021.04.26 20:19:57 ERROR downloading https://repo1.maven.org/maven2/org/scala-sbt/util-cache_2.12/1.5.0/util-cache_2.12-1.5.0.jar ...[0m
[0m2021.04.26 20:19:57 ERROR 	[SUCCESSFUL ] org.scala-sbt#zinc-apiinfo_2.12;1.5.0!zinc-apiinfo_2.12.jar (886ms)[0m
[0m2021.04.26 20:19:57 ERROR downloading https://repo1.maven.org/maven2/org/scala-sbt/test-agent/1.5.0/test-agent-1.5.0.jar ...[0m
[0m2021.04.26 20:19:57 ERROR 	[SUCCESSFUL ] org.scala-sbt#test-agent;1.5.0!test-agent.jar (328ms)[0m
[0m2021.04.26 20:19:57 ERROR downloading https://repo1.maven.org/maven2/org/scala-sbt/compiler-bridge_2.12/1.5.0/compiler-bridge_2.12-1.5.0.jar ...[0m
[0m2021.04.26 20:19:57 ERROR 	[SUCCESSFUL ] org.scala-sbt#core-macros_2.12;1.5.0!core-macros_2.12.jar (711ms)[0m
[0m2021.04.26 20:19:57 ERROR downloading https://repo1.maven.org/maven2/org/scala-sbt/zinc-classfile_2.12/1.5.0/zinc-classfile_2.12-1.5.0.jar ...[0m
[0m2021.04.26 20:19:58 ERROR 	[SUCCESSFUL ] org.scala-sbt#zinc-classfile_2.12;1.5.0!zinc-classfile_2.12.jar (681ms)[0m
[0m2021.04.26 20:19:58 ERROR downloading https://repo1.maven.org/maven2/org/scala-sbt/zinc-core_2.12/1.5.0/zinc-core_2.12-1.5.0.jar ...[0m
[0m2021.04.26 20:19:58 ERROR 	[SUCCESSFUL ] org.scala-sbt#util-cache_2.12;1.5.0!util-cache_2.12.jar (1346ms)[0m
[0m2021.04.26 20:19:58 ERROR downloading https://repo1.maven.org/maven2/org/scala-sbt/zinc-persist_2.12/1.5.0/zinc-persist_2.12-1.5.0.jar ...[0m
[0m2021.04.26 20:19:58 ERROR 	[SUCCESSFUL ] org.scala-sbt#compiler-bridge_2.12;1.5.0!compiler-bridge_2.12.jar (1012ms)[0m
[0m2021.04.26 20:19:58 ERROR downloading https://repo1.maven.org/maven2/org/scala-sbt/zinc-compile-core_2.12/1.5.0/zinc-compile-core_2.12-1.5.0.jar ...[0m
[0m2021.04.26 20:20:01 ERROR 	[SUCCESSFUL ] org.scala-sbt#zinc-compile-core_2.12;1.5.0!zinc-compile-core_2.12.jar (2156ms)[0m
[0m2021.04.26 20:20:01 ERROR downloading https://repo1.maven.org/maven2/org/scala-sbt/zinc-persist-core-assembly/1.5.0/zinc-persist-core-assembly-1.5.0.jar ...[0m
[0m2021.04.26 20:20:01 ERROR 	[SUCCESSFUL ] org.scala-sbt#zinc-persist_2.12;1.5.0!zinc-persist_2.12.jar (2442ms)[0m
[0m2021.04.26 20:20:01 ERROR downloading https://repo1.maven.org/maven2/org/scala-sbt/protocol_2.12/1.5.0/protocol_2.12-1.5.0.jar ...[0m
[0m2021.04.26 20:20:02 ERROR 	[SUCCESSFUL ] org.scala-sbt#zinc-core_2.12;1.5.0!zinc-core_2.12.jar (3759ms)[0m
[0m2021.04.26 20:20:02 ERROR downloading https://repo1.maven.org/maven2/org/scala-lang/modules/scala-collection-compat_2.12/2.4.2/scala-collection-compat_2.12-2.4.2.jar ...[0m
[0m2021.04.26 20:20:04 ERROR 	[SUCCESSFUL ] org.scala-lang.modules#scala-collection-compat_2.12;2.4.2!scala-collection-compat_2.12.jar (2109ms)[0m
[0m2021.04.26 20:20:06 ERROR 	[SUCCESSFUL ] org.scala-sbt#main_2.12;1.5.0!main_2.12.jar (18179ms)[0m
[0m2021.04.26 20:20:07 ERROR 	[SUCCESSFUL ] org.scala-sbt#protocol_2.12;1.5.0!protocol_2.12.jar (6006ms)[0m
[0m2021.04.26 20:20:11 ERROR 	[SUCCESSFUL ] org.scala-sbt#zinc-persist-core-assembly;1.5.0!zinc-persist-core-assembly.jar (10707ms)[0m
[0m2021.04.26 20:20:11 ERROR 	[SUCCESSFUL ] org.scala-lang#scala-reflect;2.12.13!scala-reflect.jar (18275ms)[0m
[0m2021.04.26 20:20:12 ERROR 	[SUCCESSFUL ] org.scala-lang#scala-library;2.12.13!scala-library.jar (24660ms)[0m
[0m2021.04.26 20:20:20 ERROR 	[SUCCESSFUL ] io.get-coursier#lm-coursier-shaded_2.12;2.0.8!lm-coursier-shaded_2.12.jar (29527ms)[0m
[0m2021.04.26 20:20:23 ERROR 	[SUCCESSFUL ] org.scala-lang#scala-compiler;2.12.13!scala-compiler.jar (26004ms)[0m
[0m2021.04.26 20:20:23 ERROR :: retrieving :: org.scala-sbt#boot-app[0m
[0m2021.04.26 20:20:23 ERROR 	confs: [default][0m
[0m2021.04.26 20:20:23 ERROR 	83 artifacts copied, 0 already retrieved[0m
[0m2021.04.26 20:20:23 ERROR [info] [launcher] getting Scala 2.12.13 (for sbt)...[0m
[0m2021.04.26 20:20:23 ERROR :: retrieving :: org.scala-sbt#boot-scala[0m
[0m2021.04.26 20:20:23 ERROR 	confs: [default][0m
[0m2021.04.26 20:20:23 ERROR 	6 artifacts copied, 0 already retrieved[0m
[0m2021.04.26 20:20:25 INFO  [info] welcome to sbt 1.5.0 (Ubuntu Java 11.0.10)[0m
[0m2021.04.26 20:20:29 INFO  [info] loading settings for project dbmcqs-build-build from metals.sbt ...[0m
[0m2021.04.26 20:20:30 INFO  [info] loading project definition from /home/cheruiyot/Revature/Scala_Training/Projects/Project0/dbmcqs/project/project[0m
[0m2021.04.26 20:20:34 INFO  [info] loading settings for project dbmcqs-build from metals.sbt ...[0m
[0m2021.04.26 20:20:34 INFO  [info] loading project definition from /home/cheruiyot/Revature/Scala_Training/Projects/Project0/dbmcqs/project[0m
[0m2021.04.26 20:20:58 INFO  [success] Generated .bloop/dbmcqs-build.json[0m
[0m2021.04.26 20:20:58 INFO  [success] Total time: 24 s, completed Apr 26, 2021, 8:20:58 PM[0m
[0m2021.04.26 20:21:00 INFO  [info] loading settings for project dbmcqs from build.sbt ...[0m
[0m2021.04.26 20:21:00 INFO  [info] set current project to hello-world (in build file:/home/cheruiyot/Revature/Scala_Training/Projects/Project0/dbmcqs/)[0m
[0m2021.04.26 20:21:00 INFO  [success] Generated .bloop/dbmcqs.json[0m
[0m2021.04.26 20:21:00 INFO  [success] Generated .bloop/dbmcqs-test.json[0m
[0m2021.04.26 20:21:00 INFO  [success] Total time: 0 s, completed Apr 26, 2021, 8:21:01 PM[0m
[0m2021.04.26 20:21:01 INFO  sbt bloopInstall exit: 0[0m
[0m2021.04.26 20:21:01 INFO  time: ran 'sbt bloopInstall' in 1m34s[0m
[0m2021.04.26 20:21:01 INFO  Attempting to connect to the build server...[0m
Starting the bsp launcher for bloop...
Opening a bsp server connection with 'bsp --protocol local --socket /tmp/bsp-launcher7909439845917016790/bsp.socket'...
Waiting for the bsp connection to come up...
[0m[32m[D][0m Loading 2 projects from '/home/cheruiyot/Revature/Scala_Training/Projects/Project0/dbmcqs/.bloop'...
[0m[32m[D][0m Loading project from '/home/cheruiyot/Revature/Scala_Training/Projects/Project0/dbmcqs/.bloop/dbmcqs.json'
[0m[32m[D][0m Loading project from '/home/cheruiyot/Revature/Scala_Training/Projects/Project0/dbmcqs/.bloop/dbmcqs-test.json'
[0m[32m[D][0m Cache miss for scala instance org.scala-lang:scala-compiler:2.13.3.
[0m[32m[D][0m   => /home/cheruiyot/.cache/coursier/v1/https/repo1.maven.org/maven2/net/java/dev/jna/jna/5.3.1/jna-5.3.1.jar
[0m[32m[D][0m   => /home/cheruiyot/.cache/coursier/v1/https/repo1.maven.org/maven2/org/jline/jline/3.15.0/jline-3.15.0.jar
[0m[32m[D][0m   => /home/cheruiyot/.cache/coursier/v1/https/repo1.maven.org/maven2/org/scala-lang/scala-compiler/2.13.3/scala-compiler-2.13.3.jar
[0m[32m[D][0m   => /home/cheruiyot/.cache/coursier/v1/https/repo1.maven.org/maven2/org/scala-lang/scala-library/2.13.3/scala-library-2.13.3.jar
[0m[32m[D][0m   => /home/cheruiyot/.cache/coursier/v1/https/repo1.maven.org/maven2/org/scala-lang/scala-reflect/2.13.3/scala-reflect-2.13.3.jar
[0m[32m[D][0m Missing analysis file for project 'dbmcqs'
[0m[32m[D][0m Missing analysis file for project 'dbmcqs-test'
[0m[32m[D][0m Waiting for a connection at local:///tmp/bsp-launcher7909439845917016790/bsp.socket...
The server is listening for incoming connections at local:///tmp/bsp-launcher7909439845917016790/bsp.socket...
Starting thread that pumps stdin and redirects it to the bsp server...
Starting thread that pumps server stdout and redirects it to the client stdout...
[0m2021.04.26 20:21:02 INFO  tracing is disabled for protocol BSP, to enable tracing of incoming and outgoing JSON messages create an empty file at /home/cheruiyot/.cache/metals/bsp.trace.json[0m
[0m2021.04.26 20:21:16 INFO  Attempting to connect to the build server...[0m
Starting the bsp launcher for bloop...
Opening a bsp server connection with 'bsp --protocol local --socket /tmp/bsp-launcher3175325552500577371/bsp.socket'...
Waiting for the bsp connection to come up...
[0m[32m[D][0m Loading workspace settings from bloop.settings.json
[0m[32m[D][0m Waiting for a connection at local:///tmp/bsp-launcher3175325552500577371/bsp.socket...
The server is listening for incoming connections at local:///tmp/bsp-launcher3175325552500577371/bsp.socket...
Starting thread that pumps stdin and redirects it to the bsp server...
Starting thread that pumps server stdout and redirects it to the client stdout...
[0m2021.04.26 20:21:16 INFO  tracing is disabled for protocol BSP, to enable tracing of incoming and outgoing JSON messages create an empty file at /home/cheruiyot/.cache/metals/bsp.trace.json[0m
[0m2021.04.26 20:21:27 INFO  time: Connected to build server in 25s[0m
[0m2021.04.26 20:21:27 INFO  Connected to Build server: Bloop v1.4.8-19-4d9f966b[0m
[0m2021.04.26 20:21:27 INFO  time: Imported build in 0.1s[0m
[0m2021.04.26 20:21:30 WARN  Could not find java sources in None. Java symbols will not be available.[0m
[0m2021.04.26 20:21:33 INFO  time: indexed workspace in 6.29s[0m
